[debug] [2024-08-23T09:28:07.226Z] ----------------------------------------------------------------------
[debug] [2024-08-23T09:28:07.231Z] Command:       /home/robertncube694/.config/nvm/versions/node/v22.7.0/bin/node /home/robertncube694/.config/nvm/versions/node/v22.7.0/bin/firebase init
[debug] [2024-08-23T09:28:07.232Z] CLI Version:   13.15.4
[debug] [2024-08-23T09:28:07.232Z] Platform:      linux
[debug] [2024-08-23T09:28:07.232Z] Node Version:  v22.7.0
[debug] [2024-08-23T09:28:07.233Z] Time:          Fri Aug 23 2024 11:28:07 GMT+0200 (South Africa Standard Time)
[debug] [2024-08-23T09:28:07.234Z] ----------------------------------------------------------------------
[debug] 
[debug] [2024-08-23T09:28:07.248Z] > command requires scopes: ["email","openid","https://www.googleapis.com/auth/cloudplatformprojects.readonly","https://www.googleapis.com/auth/firebase","https://www.googleapis.com/auth/cloud-platform"]
[debug] [2024-08-23T09:28:07.249Z] > authorizing via signed-in user (robertncube694@gmail.com)
[info] 
     ######## #### ########  ######## ########     ###     ######  ########
     ##        ##  ##     ## ##       ##     ##  ##   ##  ##       ##
     ######    ##  ########  ######   ########  #########  ######  ######
     ##        ##  ##    ##  ##       ##     ## ##     ##       ## ##
     ##       #### ##     ## ######## ########  ##     ##  ######  ########

You're about to initialize a Firebase project in this directory:

  /home/robertncube694/Prog/React-PedroTech/firebase-app

[info] 
=== Project Setup
[info] 
[info] First, let's associate this project directory with a Firebase project.
[info] You can create multiple project aliases by running firebase use --add, 
[info] but for now we'll just set up a default project.
[info] 
[debug] [2024-08-23T09:28:15.569Z] >>> [apiv2][query] GET https://firebase.googleapis.com/v1beta1/projects pageSize=100
[debug] [2024-08-23T09:28:16.659Z] <<< [apiv2][status] GET https://firebase.googleapis.com/v1beta1/projects 200
[debug] [2024-08-23T09:28:16.661Z] <<< [apiv2][body] GET https://firebase.googleapis.com/v1beta1/projects [omitted]
[info] i  Using project react-course-1-e51eb (react-course-1) 
[info] 
=== Hosting Setup
[debug] [2024-08-23T09:28:19.506Z] >>> [apiv2][query] GET https://firebase.googleapis.com/v1beta1/projects/react-course-1-e51eb [none]
[debug] [2024-08-23T09:28:19.902Z] <<< [apiv2][status] GET https://firebase.googleapis.com/v1beta1/projects/react-course-1-e51eb 200
[debug] [2024-08-23T09:28:19.904Z] <<< [apiv2][body] GET https://firebase.googleapis.com/v1beta1/projects/react-course-1-e51eb {"projectId":"react-course-1-e51eb","projectNumber":"748514093139","displayName":"react-course-1","name":"projects/react-course-1-e51eb","resources":{"hostingSite":"react-course-1-e51eb"},"state":"ACTIVE","etag":"1_95720cd2-08d3-4c19-b9db-f41b0b1e3144"}
[info] 
[info] Your public directory is the folder (relative to your project directory) that
[info] will contain Hosting assets to be uploaded with firebase deploy. If you
[info] have a build process for your assets, use your build's output directory.
[info] 
[info] ✔  Wrote public/404.html 
[debug] [2024-08-23T09:29:42.696Z] >>> [apiv2][query] GET https://www.gstatic.com/firebasejs/releases.json [none]
[debug] [2024-08-23T09:29:43.072Z] <<< [apiv2][status] GET https://www.gstatic.com/firebasejs/releases.json 200
[debug] [2024-08-23T09:29:43.073Z] <<< [apiv2][body] GET https://www.gstatic.com/firebasejs/releases.json {"current":{"version":"10.13.0","browserURL":"https://www.gstatic.com/firebasejs/10.13.0/firebase.js","packageURL":"https://www.gstatic.com/firebasejs/10.13.0/firebase.tgz"},"live":{"version":"10.13","browserURL":"https://www.gstatic.com/firebasejs/live/10.13/firebase.js","packageURL":"https://www.gstatic.com/firebasejs/live/10.13/firebase.tgz"},"components":{"analytics":"https://www.gstatic.com/firebasejs/10.13.0/firebase-analytics.js","app":"https://www.gstatic.com/firebasejs/10.13.0/firebase-app.js","app-check":"https://www.gstatic.com/firebasejs/10.13.0/firebase-app-check.js","auth":"https://www.gstatic.com/firebasejs/10.13.0/firebase-auth.js","auth/cordova":"https://www.gstatic.com/firebasejs/10.13.0/firebase-auth/cordova.js","auth/web-extension":"https://www.gstatic.com/firebasejs/10.13.0/firebase-auth/web-extension.js","functions":"https://www.gstatic.com/firebasejs/10.13.0/firebase-functions.js","firestore":"https://www.gstatic.com/firebasejs/10.13.0/firebase-firestore.js","firestore/lite":"https://www.gstatic.com/firebasejs/10.13.0/firebase-firestore/lite.js","installations":"https://www.gstatic.com/firebasejs/10.13.0/firebase-installations.js","storage":"https://www.gstatic.com/firebasejs/10.13.0/firebase-storage.js","performance":"https://www.gstatic.com/firebasejs/10.13.0/firebase-performance.js","remote-config":"https://www.gstatic.com/firebasejs/10.13.0/firebase-remote-config.js","messaging":"https://www.gstatic.com/firebasejs/10.13.0/firebase-messaging.js","messaging/sw":"https://www.gstatic.com/firebasejs/10.13.0/firebase-messaging/sw.js","database":"https://www.gstatic.com/firebasejs/10.13.0/firebase-database.js","vertexai-preview":"https://www.gstatic.com/firebasejs/10.13.0/firebase-vertexai-preview.js","firestore.memory":"https://www.gstatic.com/firebasejs/10.13.0/firebase-firestore.memory.js"}}
[info] i  Skipping write of public/index.html 
[info] 
[info] i  Didn't detect a .git folder. Assuming /home/robertncube694/Prog/React-PedroTech/firebase-app is the project root. 
[info] i  Authorizing with GitHub to upload your service account to a GitHub repository's secrets store. 
[info] 
[info] Visit this URL on this device to log in:
[info] https://github.com/login/oauth/authorize?client_id=89cf50f02ac6aaed3484&state=270389622&redirect_uri=http%3A%2F%2Flocalhost%3A9005&scope=read%3Auser%20repo%20public_repo
[info] 
[info] Waiting for authentication...
[debug] [2024-08-23T09:30:51.967Z] >>> [apiv2][query] POST https://github.com/login/oauth/access_token [none]
[debug] [2024-08-23T09:30:51.969Z] >>> [apiv2][body] POST https://github.com/login/oauth/access_token [stream]
[debug] [2024-08-23T09:30:52.482Z] <<< [apiv2][status] POST https://github.com/login/oauth/access_token 200
[debug] [2024-08-23T09:30:52.600Z] >>> [apiv2][query] GET https://api.github.com/user [none]
[debug] [2024-08-23T09:30:53.522Z] <<< [apiv2][status] GET https://api.github.com/user 200
[debug] [2024-08-23T09:30:53.523Z] <<< [apiv2][body] GET https://api.github.com/user {"login":"Robert-Ncube","id":172326479,"node_id":"U_kgDOCkV-Tw","avatar_url":"https://avatars.githubusercontent.com/u/172326479?v=4","gravatar_id":"","url":"https://api.github.com/users/Robert-Ncube","html_url":"https://github.com/Robert-Ncube","followers_url":"https://api.github.com/users/Robert-Ncube/followers","following_url":"https://api.github.com/users/Robert-Ncube/following{/other_user}","gists_url":"https://api.github.com/users/Robert-Ncube/gists{/gist_id}","starred_url":"https://api.github.com/users/Robert-Ncube/starred{/owner}{/repo}","subscriptions_url":"https://api.github.com/users/Robert-Ncube/subscriptions","organizations_url":"https://api.github.com/users/Robert-Ncube/orgs","repos_url":"https://api.github.com/users/Robert-Ncube/repos","events_url":"https://api.github.com/users/Robert-Ncube/events{/privacy}","received_events_url":"https://api.github.com/users/Robert-Ncube/received_events","type":"User","site_admin":false,"name":"Robert Ncube","company":null,"blog":"","location":null,"email":"robertncube6940@gmail.com","hireable":null,"bio":"🌟 Passionate Developer | Code Enthusiast | One line of code at a time.\r\nFeel free to reach out to me: robertncube6940@gmail.com\r\nLets create something amazing!","twitter_username":null,"notification_email":"robertncube6940@gmail.com","public_repos":1,"public_gists":0,"followers":0,"following":1,"created_at":"2024-06-10T21:23:01Z","updated_at":"2024-06-11T11:43:17Z","private_gists":0,"total_private_repos":1,"owned_private_repos":1,"disk_usage":5863,"collaborators":0,"two_factor_authentication":false,"plan":{"name":"free","space":976562499,"collaborators":0,"private_repos":10000}}
[info] 
[info] ✔  Success! Logged into GitHub as Robert-Ncube 
[info] 
